<?xml version="1.0" encoding="UTF-8"?>
<!-- Generated by org.testng.reporters.JUnitXMLReporter -->
<testsuite hostname="LAPTOP-Q2CKDEE8" failures="0" tests="4" name="Test" time="116.184" errors="0" timestamp="27 Jan 2022 06:12:21 GMT">
  <testcase classname="TestCases.TC1" name="LoginTest" time="22.513"/>
  <testcase classname="TestCases.TC1" name="FieldsWithoutData" time="21.567"/>
  <testcase classname="TestCases.TC1" name="FieldsWithData_1" time="51.839"/>
  <testcase classname="TestCases.TC1" name="Validate_FeildsData_1_In_HomePage" time="1.384"/>
</testsuite> <!-- Test -->
