<?xml version="1.0" encoding="UTF-8"?>
<testng-results total="4" passed="4" failed="0" skipped="0">
  <reporter-output>
  </reporter-output>
  <suite started-at="2022-01-27T06:10:25Z" name="Suite" finished-at="2022-01-27T06:12:21Z" duration-ms="116184">
    <groups>
    </groups>
    <test started-at="2022-01-27T06:10:25Z" name="Test" finished-at="2022-01-27T06:12:21Z" duration-ms="116184">
      <class name="TestCases.TC1">
        <test-method is-config="true" signature="SuiteRun()[pri:0, instance:TestCases.TC1@5c18298f]" started-at="2022-01-27T11:40:25Z" name="SuiteRun" finished-at="2022-01-27T11:40:25Z" duration-ms="29" status="PASS">
          <reporter-output>
          </reporter-output>
        </test-method> <!-- SuiteRun -->
        <test-method is-config="true" signature="BrowserLunch()[pri:0, instance:TestCases.TC1@5c18298f]" started-at="2022-01-27T11:40:26Z" name="BrowserLunch" finished-at="2022-01-27T11:40:26Z" duration-ms="5" status="PASS">
          <reporter-output>
          </reporter-output>
        </test-method> <!-- BrowserLunch -->
        <test-method is-config="true" signature="BrowserSetup(java.lang.String)[pri:0, instance:TestCases.TC1@5c18298f]" started-at="2022-01-27T11:40:26Z" name="BrowserSetup" finished-at="2022-01-27T11:40:44Z" duration-ms="18155" status="PASS">
          <params>
            <param index="0">
              <value>
                <![CDATA[chrome]]>
              </value>
            </param>
          </params>
          <reporter-output>
          </reporter-output>
        </test-method> <!-- BrowserSetup -->
        <test-method signature="LoginTest()[pri:0, instance:TestCases.TC1@5c18298f]" started-at="2022-01-27T11:40:44Z" name="LoginTest" finished-at="2022-01-27T11:41:06Z" duration-ms="22513" status="PASS">
          <reporter-output>
          </reporter-output>
        </test-method> <!-- LoginTest -->
        <test-method signature="FieldsWithoutData()[pri:0, instance:TestCases.TC1@5c18298f]" started-at="2022-01-27T11:41:06Z" name="FieldsWithoutData" finished-at="2022-01-27T11:41:28Z" duration-ms="21567" status="PASS">
          <reporter-output>
          </reporter-output>
        </test-method> <!-- FieldsWithoutData -->
        <test-method signature="FieldsWithData_1()[pri:0, instance:TestCases.TC1@5c18298f]" started-at="2022-01-27T11:41:28Z" name="FieldsWithData_1" finished-at="2022-01-27T11:42:20Z" duration-ms="51839" status="PASS">
          <reporter-output>
          </reporter-output>
        </test-method> <!-- FieldsWithData_1 -->
        <test-method signature="Validate_FeildsData_1_In_HomePage()[pri:0, instance:TestCases.TC1@5c18298f]" started-at="2022-01-27T11:42:20Z" name="Validate_FeildsData_1_In_HomePage" finished-at="2022-01-27T11:42:21Z" duration-ms="1384" status="PASS">
          <reporter-output>
          </reporter-output>
        </test-method> <!-- Validate_FeildsData_1_In_HomePage -->
        <test-method is-config="true" signature="TestTime()[pri:0, instance:TestCases.TC1@5c18298f]" started-at="2022-01-27T11:42:21Z" name="TestTime" finished-at="2022-01-27T11:42:21Z" duration-ms="0" status="PASS">
          <reporter-output>
          </reporter-output>
        </test-method> <!-- TestTime -->
        <test-method is-config="true" signature="KillBrowser()[pri:0, instance:TestCases.TC1@5c18298f]" started-at="2022-01-27T11:42:21Z" name="KillBrowser" finished-at="2022-01-27T11:42:21Z" duration-ms="1" status="PASS">
          <reporter-output>
          </reporter-output>
        </test-method> <!-- KillBrowser -->
        <test-method is-config="true" signature="SuiteFinied()[pri:0, instance:TestCases.TC1@5c18298f]" started-at="2022-01-27T11:42:22Z" name="SuiteFinied" finished-at="2022-01-27T11:42:22Z" duration-ms="0" status="PASS">
          <reporter-output>
          </reporter-output>
        </test-method> <!-- SuiteFinied -->
      </class> <!-- TestCases.TC1 -->
    </test> <!-- Test -->
  </suite> <!-- Suite -->
</testng-results>
